[2015-11-16 16:14:15] local.INFO: Larabook.Registration.Events.UserRegistered was fired. [] []
[2015-11-16 16:17:27] local.INFO: Larabook.Registration.Events.UserRegistered was fired. [] []
[2015-11-16 16:19:46] local.INFO: Larabook.Registration.Events.UserRegistered was fired. [] []
[2015-11-16 16:21:19] local.INFO: Larabook.Registration.Events.UserRegistered was fired. [] []
[2015-11-16 16:23:49] local.INFO: Larabook.Registration.Events.UserRegistered was fired. [] []
[2015-11-16 16:24:44] local.INFO: Larabook.Registration.Events.UserRegistered was fired. [] []
[2015-11-16 16:31:54] local.INFO: Larabook.Registration.Events.UserRegistered was fired. [] []
[2015-11-16 16:34:35] local.INFO: Larabook.Registration.Events.UserRegistered was fired. [] []
[2015-11-16 16:58:07] local.ERROR: exception 'ErrorException' with message 'Argument 1 passed to Larabook\Handlers\EmailNotifier::whenUserHasRegistered() must be an instance of Larabook\Registration\Events\UserRegistered, instance of Larabook\Registration\Events\UserHasRegistered given' in /home/vagrant/Code/Larabook/app/Larabook/Handlers/EmailNotifier.php:28
Stack trace:
#0 /home/vagrant/Code/Larabook/app/Larabook/Handlers/EmailNotifier.php(28): Illuminate\Exception\Handler->handleError(4096, 'Argument 1 pass...', '/home/vagrant/C...', 28, Array)
#1 [internal function]: Larabook\Handlers\EmailNotifier->whenUserHasRegistered(Object(Larabook\Registration\Events\UserHasRegistered))
#2 /home/vagrant/Code/Larabook/vendor/laracasts/commander/src/Laracasts/Commander/Events/EventListener.php(19): call_user_func(Array, Object(Larabook\Registration\Events\UserHasRegistered))
#3 [internal function]: Laracasts\Commander\Events\EventListener->handle(Object(Larabook\Registration\Events\UserHasRegistered))
#4 /home/vagrant/Code/Larabook/vendor/laravel/framework/src/Illuminate/Events/Dispatcher.php(323): call_user_func_array(Array, Array)
#5 [internal function]: Illuminate\Events\Dispatcher->Illuminate\Events\{closure}(Object(Larabook\Registration\Events\UserHasRegistered))
#6 /home/vagrant/Code/Larabook/vendor/laravel/framework/src/Illuminate/Events/Dispatcher.php(199): call_user_func_array(Object(Closure), Array)
#7 /home/vagrant/Code/Larabook/vendor/laracasts/commander/src/Laracasts/Commander/Events/EventDispatcher.php(39): Illuminate\Events\Dispatcher->fire('Larabook.Regist...', Object(Larabook\Registration\Events\UserHasRegistered))
#8 /home/vagrant/Code/Larabook/vendor/laracasts/commander/src/Laracasts/Commander/Events/DispatchableTrait.php(14): Laracasts\Commander\Events\EventDispatcher->dispatch(Array)
#9 /home/vagrant/Code/Larabook/app/Larabook/Registration/RegisterUserCommandHandler.php(49): Larabook\Registration\RegisterUserCommandHandler->dispatchEventsFor(Object(Larabook\Users\User))
#10 /home/vagrant/Code/Larabook/vendor/laracasts/commander/src/Laracasts/Commander/DefaultCommandBus.php(58): Larabook\Registration\RegisterUserCommandHandler->handle(Object(Larabook\Registration\RegisterUserCommand))
#11 /home/vagrant/Code/Larabook/vendor/laracasts/commander/src/Laracasts/Commander/ValidationCommandBus.php(64): Laracasts\Commander\DefaultCommandBus->execute(Object(Larabook\Registration\RegisterUserCommand))
#12 /home/vagrant/Code/Larabook/vendor/laracasts/commander/src/Laracasts/Commander/CommanderTrait.php(34): Laracasts\Commander\ValidationCommandBus->execute(Object(Larabook\Registration\RegisterUserCommand))
#13 /home/vagrant/Code/Larabook/app/controllers/RegistrationController.php(39): BaseController->execute('Larabook\\Regist...')
#14 [internal function]: RegistrationController->store()
#15 /home/vagrant/Code/Larabook/vendor/laravel/framework/src/Illuminate/Routing/Controller.php(231): call_user_func_array(Array, Array)
#16 /home/vagrant/Code/Larabook/vendor/laravel/framework/src/Illuminate/Routing/ControllerDispatcher.php(93): Illuminate\Routing\Controller->callAction('store', Array)
#17 /home/vagrant/Code/Larabook/vendor/laravel/framework/src/Illuminate/Routing/ControllerDispatcher.php(62): Illuminate\Routing\ControllerDispatcher->call(Object(RegistrationController), Object(Illuminate\Routing\Route), 'store')
#18 /home/vagrant/Code/Larabook/vendor/laravel/framework/src/Illuminate/Routing/Router.php(967): Illuminate\Routing\ControllerDispatcher->dispatch(Object(Illuminate\Routing\Route), Object(Illuminate\Http\Request), 'RegistrationCon...', 'store')
#19 [internal function]: Illuminate\Routing\Router->Illuminate\Routing\{closure}()
#20 /home/vagrant/Code/Larabook/vendor/laravel/framework/src/Illuminate/Routing/Route.php(109): call_user_func_array(Object(Closure), Array)
#21 /home/vagrant/Code/Larabook/vendor/laravel/framework/src/Illuminate/Routing/Router.php(1033): Illuminate\Routing\Route->run(Object(Illuminate\Http\Request))
#22 /home/vagrant/Code/Larabook/vendor/laravel/framework/src/Illuminate/Routing/Router.php(1001): Illuminate\Routing\Router->dispatchToRoute(Object(Illuminate\Http\Request))
#23 /home/vagrant/Code/Larabook/vendor/laravel/framework/src/Illuminate/Foundation/Application.php(775): Illuminate\Routing\Router->dispatch(Object(Illuminate\Http\Request))
#24 /home/vagrant/Code/Larabook/vendor/laravel/framework/src/Illuminate/Foundation/Application.php(745): Illuminate\Foundation\Application->dispatch(Object(Illuminate\Http\Request))
#25 /home/vagrant/Code/Larabook/vendor/laravel/framework/src/Illuminate/Session/Middleware.php(72): Illuminate\Foundation\Application->handle(Object(Illuminate\Http\Request), 1, true)
#26 /home/vagrant/Code/Larabook/vendor/laravel/framework/src/Illuminate/Cookie/Queue.php(47): Illuminate\Session\Middleware->handle(Object(Illuminate\Http\Request), 1, true)
#27 /home/vagrant/Code/Larabook/vendor/laravel/framework/src/Illuminate/Cookie/Guard.php(51): Illuminate\Cookie\Queue->handle(Object(Illuminate\Http\Request), 1, true)
#28 /home/vagrant/Code/Larabook/vendor/stack/builder/src/Stack/StackedHttpKernel.php(23): Illuminate\Cookie\Guard->handle(Object(Illuminate\Http\Request), 1, true)
#29 /home/vagrant/Code/Larabook/vendor/laravel/framework/src/Illuminate/Foundation/Application.php(641): Stack\StackedHttpKernel->handle(Object(Illuminate\Http\Request))
#30 /home/vagrant/Code/Larabook/public/index.php(49): Illuminate\Foundation\Application->run()
#31 {main} [] []
[2015-11-16 17:00:26] local.DEBUG: Message-ID: <1b4a4d482297a5a7291f08bebdb5e8ad@larabook.app>
Date: Mon, 16 Nov 2015 17:00:26 +0000
Subject: Welcome to Larabook
From: Timothy Larabook <suremeetapplication@gmail.com>
To: tkimathi@cytonn.com
MIME-Version: 1.0
Content-Type: text/html; charset=utf-8
Content-Transfer-Encoding: quoted-printable

Welcome aboard! [] []
[2015-11-16 17:00:26] local.INFO: Larabook.Registration.Events.UserHasRegistered was fired. [] []
[2015-11-16 17:02:40] local.INFO: Larabook.Registration.Events.UserHasRegistered was fired. [] []
